android/app/build/intermediates/manifest_merge_blame_file/debug/manifest-merger-blame-debug-report.txt
1<?xml version="1.0" encoding="utf-8"?>
2<manifest xmlns:android="http://schemas.android.com/apk/res/android"
3    package="com.meugado"
4    android:versionCode="1"
5    android:versionName="1.0" >
6
7    <uses-sdk
8        android:minSdkVersion="21"
9        android:targetSdkVersion="30" />
10
11    <uses-permission android:name="android.permission.SYSTEM_ALERT_WINDOW" />
11-->src\debug\AndroidManifest.xml:5:5-77
11-->src\debug\AndroidManifest.xml:5:22-75
12    <uses-permission android:name="android.permission.CAMERA" />
12-->src\main\AndroidManifest.xml:5:5-64
12-->src\main\AndroidManifest.xml:5:22-62
13    <uses-permission android:name="android.permission.WRITE_EXTERNAL_STORAGE" />
13-->src\main\AndroidManifest.xml:6:5-80
13-->src\main\AndroidManifest.xml:6:22-78
14    <uses-permission android:name="android.permission.INTERNET" />
14-->src\main\AndroidManifest.xml:4:5-67
14-->src\main\AndroidManifest.xml:4:22-64
15    <uses-permission android:name="android.permission.ACCESS_WIFI_STATE" />
15-->[com.facebook.flipper:flipper:0.99.0] AndroidManifest.xml:16:5-76
15-->[com.facebook.flipper:flipper:0.99.0] AndroidManifest.xml:16:22-73
16    <uses-permission android:name="android.permission.WAKE_LOCK" />
16-->[:react-native-firebase_auth] AndroidManifest.xml:10:5-68
16-->[:react-native-firebase_auth] AndroidManifest.xml:10:22-65
17    <uses-permission android:name="android.permission.ACCESS_NETWORK_STATE" />
17-->[:react-native-firebase_auth] AndroidManifest.xml:11:5-79
17-->[:react-native-firebase_auth] AndroidManifest.xml:11:22-76
18
19    <application
19-->src\main\AndroidManifest.xml:8:5-26:19
20        android:name="com.meugado.MainApplication"
20-->src\main\AndroidManifest.xml:9:7-38
21        android:allowBackup="false"
21-->src\main\AndroidManifest.xml:13:7-34
22        android:appComponentFactory="androidx.core.app.CoreComponentFactory"
22-->[androidx.core:core:1.6.0] AndroidManifest.xml:24:18-86
23        android:debuggable="true"
24        android:icon="@mipmap/ic_launcher"
24-->src\main\AndroidManifest.xml:11:7-41
25        android:label="@string/app_name"
25-->src\main\AndroidManifest.xml:10:7-39
26        android:roundIcon="@mipmap/ic_launcher_round"
26-->src\main\AndroidManifest.xml:12:7-52
27        android:theme="@style/AppTheme"
27-->src\main\AndroidManifest.xml:14:7-38
28        android:usesCleartextTraffic="true" >
28-->src\debug\AndroidManifest.xml:10:9-44
29        <activity android:name="com.facebook.react.devsupport.DevSettingsActivity" />
29-->src\debug\AndroidManifest.xml:13:9-86
29-->src\debug\AndroidManifest.xml:13:19-83
30        <activity
30-->src\main\AndroidManifest.xml:15:7-25:18
31            android:name="com.meugado.MainActivity"
31-->src\main\AndroidManifest.xml:16:9-37
32            android:configChanges="keyboard|keyboardHidden|orientation|screenSize|uiMode"
32-->src\main\AndroidManifest.xml:18:9-86
33            android:label="@string/app_name"
33-->src\main\AndroidManifest.xml:17:9-41
34            android:launchMode="singleTask"
34-->src\main\AndroidManifest.xml:19:9-40
35            android:windowSoftInputMode="adjustResize" >
35-->src\main\AndroidManifest.xml:20:9-51
36            <intent-filter>
36-->src\main\AndroidManifest.xml:21:9-24:25
37                <action android:name="android.intent.action.MAIN" />
37-->src\main\AndroidManifest.xml:22:13-65
37-->src\main\AndroidManifest.xml:22:21-62
38
39                <category android:name="android.intent.category.LAUNCHER" />
39-->src\main\AndroidManifest.xml:23:13-73
39-->src\main\AndroidManifest.xml:23:23-70
40            </intent-filter>
41        </activity>
42
43        <meta-data
43-->[:react-native-firebase_app] AndroidManifest.xml:10:9-12:36
44            android:name="app_data_collection_default_enabled"
44-->[:react-native-firebase_app] AndroidManifest.xml:11:13-63
45            android:value="true" />
45-->[:react-native-firebase_app] AndroidManifest.xml:12:13-33
46
47        <service
47-->[:react-native-firebase_app] AndroidManifest.xml:14:9-18:19
48            android:name="com.google.firebase.components.ComponentDiscoveryService"
48-->[:react-native-firebase_app] AndroidManifest.xml:14:18-89
49            android:directBootAware="true"
49-->[com.google.firebase:firebase-common:20.0.0] AndroidManifest.xml:35:13-43
50            android:exported="false" >
50-->[com.google.firebase:firebase-database:20.0.3] AndroidManifest.xml:31:13-37
51            <meta-data
51-->[:react-native-firebase_app] AndroidManifest.xml:15:13-17:85
52                android:name="com.google.firebase.components:io.invertase.firebase.app.ReactNativeFirebaseAppRegistrar"
52-->[:react-native-firebase_app] AndroidManifest.xml:16:17-120
53                android:value="com.google.firebase.components.ComponentRegistrar" />
53-->[:react-native-firebase_app] AndroidManifest.xml:17:17-82
54            <meta-data
54-->[com.google.firebase:firebase-database:20.0.3] AndroidManifest.xml:32:13-34:85
55                android:name="com.google.firebase.components:com.google.firebase.database.DatabaseRegistrar"
55-->[com.google.firebase:firebase-database:20.0.3] AndroidManifest.xml:33:17-109
56                android:value="com.google.firebase.components.ComponentRegistrar" />
56-->[com.google.firebase:firebase-database:20.0.3] AndroidManifest.xml:34:17-82
57            <meta-data
57-->[com.google.firebase:firebase-auth:21.0.1] AndroidManifest.xml:77:13-79:85
58                android:name="com.google.firebase.components:com.google.firebase.auth.FirebaseAuthRegistrar"
58-->[com.google.firebase:firebase-auth:21.0.1] AndroidManifest.xml:78:17-109
59                android:value="com.google.firebase.components.ComponentRegistrar" />
59-->[com.google.firebase:firebase-auth:21.0.1] AndroidManifest.xml:79:17-82
60            <meta-data
60-->[com.google.firebase:firebase-storage:20.0.0] AndroidManifest.xml:33:13-35:85
61                android:name="com.google.firebase.components:com.google.firebase.storage.StorageRegistrar"
61-->[com.google.firebase:firebase-storage:20.0.0] AndroidManifest.xml:34:17-107
62                android:value="com.google.firebase.components.ComponentRegistrar" />
62-->[com.google.firebase:firebase-storage:20.0.0] AndroidManifest.xml:35:17-82
63        </service>
64
65        <provider
65-->[:react-native-firebase_app] AndroidManifest.xml:20:9-24:38
66            android:name="io.invertase.firebase.app.ReactNativeFirebaseAppInitProvider"
66-->[:react-native-firebase_app] AndroidManifest.xml:21:13-88
67            android:authorities="com.meugado.reactnativefirebaseappinitprovider"
67-->[:react-native-firebase_app] AndroidManifest.xml:22:13-86
68            android:exported="false"
68-->[:react-native-firebase_app] AndroidManifest.xml:23:13-37
69            android:initOrder="99" />
69-->[:react-native-firebase_app] AndroidManifest.xml:24:13-35
70        <provider
70-->[:react-native-image-picker] AndroidManifest.xml:10:9-18:20
71            android:name="com.imagepicker.ImagePickerProvider"
71-->[:react-native-image-picker] AndroidManifest.xml:11:13-63
72            android:authorities="com.meugado.imagepickerprovider"
72-->[:react-native-image-picker] AndroidManifest.xml:12:13-71
73            android:exported="false"
73-->[:react-native-image-picker] AndroidManifest.xml:13:13-37
74            android:grantUriPermissions="true" >
74-->[:react-native-image-picker] AndroidManifest.xml:14:13-47
75            <meta-data
75-->[:react-native-image-picker] AndroidManifest.xml:15:13-17:70
76                android:name="android.support.FILE_PROVIDER_PATHS"
76-->[:react-native-image-picker] AndroidManifest.xml:16:17-67
77                android:resource="@xml/imagepicker_provider_paths" />
77-->[:react-native-image-picker] AndroidManifest.xml:17:17-67
78        </provider>
79
80        <activity
80-->[com.google.firebase:firebase-auth:21.0.1] AndroidManifest.xml:27:9-44:20
81            android:name="com.google.firebase.auth.internal.GenericIdpActivity"
81-->[com.google.firebase:firebase-auth:21.0.1] AndroidManifest.xml:28:13-80
82            android:excludeFromRecents="true"
82-->[com.google.firebase:firebase-auth:21.0.1] AndroidManifest.xml:29:13-46
83            android:exported="true"
83-->[com.google.firebase:firebase-auth:21.0.1] AndroidManifest.xml:30:13-36
84            android:launchMode="singleTask"
84-->[com.google.firebase:firebase-auth:21.0.1] AndroidManifest.xml:31:13-44
85            android:theme="@android:style/Theme.Translucent.NoTitleBar" >
85-->[com.google.firebase:firebase-auth:21.0.1] AndroidManifest.xml:32:13-72
86            <intent-filter>
86-->[com.google.firebase:firebase-auth:21.0.1] AndroidManifest.xml:33:13-43:29
87                <action android:name="android.intent.action.VIEW" />
87-->[com.google.firebase:firebase-auth:21.0.1] AndroidManifest.xml:34:17-69
87-->[com.google.firebase:firebase-auth:21.0.1] AndroidManifest.xml:34:25-66
88
89                <category android:name="android.intent.category.DEFAULT" />
89-->[com.google.firebase:firebase-auth:21.0.1] AndroidManifest.xml:36:17-76
89-->[com.google.firebase:firebase-auth:21.0.1] AndroidManifest.xml:36:27-73
90                <category android:name="android.intent.category.BROWSABLE" />
90-->[com.google.firebase:firebase-auth:21.0.1] AndroidManifest.xml:37:17-78
90-->[com.google.firebase:firebase-auth:21.0.1] AndroidManifest.xml:37:27-75
91
92                <data
92-->[com.google.firebase:firebase-auth:21.0.1] AndroidManifest.xml:39:17-42:51
93                    android:host="firebase.auth"
93-->[com.google.firebase:firebase-auth:21.0.1] AndroidManifest.xml:40:21-49
94                    android:path="/"
94-->[com.google.firebase:firebase-auth:21.0.1] AndroidManifest.xml:41:21-37
95                    android:scheme="genericidp" />
95-->[com.google.firebase:firebase-auth:21.0.1] AndroidManifest.xml:42:21-48
96            </intent-filter>
97        </activity>
98        <activity
98-->[com.google.firebase:firebase-auth:21.0.1] AndroidManifest.xml:45:9-62:20
99            android:name="com.google.firebase.auth.internal.RecaptchaActivity"
99-->[com.google.firebase:firebase-auth:21.0.1] AndroidManifest.xml:46:13-79
100            android:excludeFromRecents="true"
100-->[com.google.firebase:firebase-auth:21.0.1] AndroidManifest.xml:47:13-46
101            android:exported="true"
101-->[com.google.firebase:firebase-auth:21.0.1] AndroidManifest.xml:48:13-36
102            android:launchMode="singleTask"
102-->[com.google.firebase:firebase-auth:21.0.1] AndroidManifest.xml:49:13-44
103            android:theme="@android:style/Theme.Translucent.NoTitleBar" >
103-->[com.google.firebase:firebase-auth:21.0.1] AndroidManifest.xml:50:13-72
104            <intent-filter>
104-->[com.google.firebase:firebase-auth:21.0.1] AndroidManifest.xml:51:13-61:29
105                <action android:name="android.intent.action.VIEW" />
105-->[com.google.firebase:firebase-auth:21.0.1] AndroidManifest.xml:34:17-69
105-->[com.google.firebase:firebase-auth:21.0.1] AndroidManifest.xml:34:25-66
106
107                <category android:name="android.intent.category.DEFAULT" />
107-->[com.google.firebase:firebase-auth:21.0.1] AndroidManifest.xml:36:17-76
107-->[com.google.firebase:firebase-auth:21.0.1] AndroidManifest.xml:36:27-73
108                <category android:name="android.intent.category.BROWSABLE" />
108-->[com.google.firebase:firebase-auth:21.0.1] AndroidManifest.xml:37:17-78
108-->[com.google.firebase:firebase-auth:21.0.1] AndroidManifest.xml:37:27-75
109
110                <data
110-->[com.google.firebase:firebase-auth:21.0.1] AndroidManifest.xml:39:17-42:51
111                    android:host="firebase.auth"
111-->[com.google.firebase:firebase-auth:21.0.1] AndroidManifest.xml:40:21-49
112                    android:path="/"
112-->[com.google.firebase:firebase-auth:21.0.1] AndroidManifest.xml:41:21-37
113                    android:scheme="recaptcha" />
113-->[com.google.firebase:firebase-auth:21.0.1] AndroidManifest.xml:42:21-48
114            </intent-filter>
115        </activity>
116
117        <service
117-->[com.google.firebase:firebase-auth:21.0.1] AndroidManifest.xml:64:9-73:19
118            android:name="com.google.firebase.auth.api.fallback.service.FirebaseAuthFallbackService"
118-->[com.google.firebase:firebase-auth:21.0.1] AndroidManifest.xml:65:13-101
119            android:enabled="true"
119-->[com.google.firebase:firebase-auth:21.0.1] AndroidManifest.xml:66:13-35
120            android:exported="false" >
120-->[com.google.firebase:firebase-auth:21.0.1] AndroidManifest.xml:67:13-37
121            <intent-filter>
121-->[com.google.firebase:firebase-auth:21.0.1] AndroidManifest.xml:68:13-72:29
122                <action android:name="com.google.firebase.auth.api.gms.service.START" />
122-->[com.google.firebase:firebase-auth:21.0.1] AndroidManifest.xml:69:17-89
122-->[com.google.firebase:firebase-auth:21.0.1] AndroidManifest.xml:69:25-86
123
124                <category android:name="android.intent.category.DEFAULT" />
124-->[com.google.firebase:firebase-auth:21.0.1] AndroidManifest.xml:36:17-76
124-->[com.google.firebase:firebase-auth:21.0.1] AndroidManifest.xml:36:27-73
125            </intent-filter>
126        </service>
127
128        <provider
128-->[com.google.firebase:firebase-common:20.0.0] AndroidManifest.xml:26:9-31:39
129            android:name="com.google.firebase.provider.FirebaseInitProvider"
129-->[com.google.firebase:firebase-common:20.0.0] AndroidManifest.xml:27:13-77
130            android:authorities="com.meugado.firebaseinitprovider"
130-->[com.google.firebase:firebase-common:20.0.0] AndroidManifest.xml:28:13-72
131            android:directBootAware="true"
131-->[com.google.firebase:firebase-common:20.0.0] AndroidManifest.xml:29:13-43
132            android:exported="false"
132-->[com.google.firebase:firebase-common:20.0.0] AndroidManifest.xml:30:13-37
133            android:initOrder="100" />
133-->[com.google.firebase:firebase-common:20.0.0] AndroidManifest.xml:31:13-36
134
135        <activity
135-->[com.google.android.gms:play-services-auth:20.1.0] AndroidManifest.xml:23:9-27:75
136            android:name="com.google.android.gms.auth.api.signin.internal.SignInHubActivity"
136-->[com.google.android.gms:play-services-auth:20.1.0] AndroidManifest.xml:24:13-93
137            android:excludeFromRecents="true"
137-->[com.google.android.gms:play-services-auth:20.1.0] AndroidManifest.xml:25:13-46
138            android:exported="false"
138-->[com.google.android.gms:play-services-auth:20.1.0] AndroidManifest.xml:26:13-37
139            android:theme="@android:style/Theme.Translucent.NoTitleBar" />
139-->[com.google.android.gms:play-services-auth:20.1.0] AndroidManifest.xml:27:13-72
140        <!--
141            Service handling Google Sign-In user revocation. For apps that do not integrate with
142            Google Sign-In, this service will never be started.
143        -->
144        <service
144-->[com.google.android.gms:play-services-auth:20.1.0] AndroidManifest.xml:33:9-37:51
145            android:name="com.google.android.gms.auth.api.signin.RevocationBoundService"
145-->[com.google.android.gms:play-services-auth:20.1.0] AndroidManifest.xml:34:13-89
146            android:exported="true"
146-->[com.google.android.gms:play-services-auth:20.1.0] AndroidManifest.xml:35:13-36
147            android:permission="com.google.android.gms.auth.api.signin.permission.REVOCATION_NOTIFICATION"
147-->[com.google.android.gms:play-services-auth:20.1.0] AndroidManifest.xml:36:13-107
148            android:visibleToInstantApps="true" />
148-->[com.google.android.gms:play-services-auth:20.1.0] AndroidManifest.xml:37:13-48
149
150        <activity
150-->[com.google.android.gms:play-services-base:18.0.1] AndroidManifest.xml:20:9-22:45
151            android:name="com.google.android.gms.common.api.GoogleApiActivity"
151-->[com.google.android.gms:play-services-base:18.0.1] AndroidManifest.xml:20:19-85
152            android:exported="false"
152-->[com.google.android.gms:play-services-base:18.0.1] AndroidManifest.xml:22:19-43
153            android:theme="@android:style/Theme.Translucent.NoTitleBar" />
153-->[com.google.android.gms:play-services-base:18.0.1] AndroidManifest.xml:21:19-78
154
155        <meta-data
155-->[com.google.android.gms:play-services-basement:18.0.0] AndroidManifest.xml:21:9-23:69
156            android:name="com.google.android.gms.version"
156-->[com.google.android.gms:play-services-basement:18.0.0] AndroidManifest.xml:22:13-58
157            android:value="@integer/google_play_services_version" />
157-->[com.google.android.gms:play-services-basement:18.0.0] AndroidManifest.xml:23:13-66
158    </application>
159
160</manifest>